Configuring kan-extensions-4.2.2...
Building kan-extensions-4.2.2...
Preprocessing library kan-extensions-4.2.2...
[ 1 of 13] Compiling Data.Functor.Kan.Rift ( src/Data/Functor/Kan/Rift.hs, .stack-work/dist/x86_64-osx/Cabal-1.22.4.0/build/Data/Functor/Kan/Rift.o )

src/Data/Functor/Kan/Rift.hs:6:14: Warning:
    ‘Data.Functor.Kan.Rift’ is marked as Trustworthy but has been inferred as safe!

src/Data/Functor/Kan/Rift.hs:32:1: Warning:
    The import of ‘Control.Applicative’ is redundant
      except perhaps to import instances from ‘Control.Applicative’
    To import instances alone, use: import Control.Applicative()
[ 2 of 13] Compiling Data.Functor.Kan.Lift ( src/Data/Functor/Kan/Lift.hs, .stack-work/dist/x86_64-osx/Cabal-1.22.4.0/build/Data/Functor/Kan/Lift.o )
[ 3 of 13] Compiling Data.Functor.Day ( src/Data/Functor/Day.hs, .stack-work/dist/x86_64-osx/Cabal-1.22.4.0/build/Data/Functor/Day.o )
[ 4 of 13] Compiling Data.Functor.Contravariant.Coyoneda ( src/Data/Functor/Contravariant/Coyoneda.hs, .stack-work/dist/x86_64-osx/Cabal-1.22.4.0/build/Data/Functor/Contravariant/Coyoneda.o )
[ 5 of 13] Compiling Data.Functor.Contravariant.Yoneda ( src/Data/Functor/Contravariant/Yoneda.hs, .stack-work/dist/x86_64-osx/Cabal-1.22.4.0/build/Data/Functor/Contravariant/Yoneda.o )
[ 6 of 13] Compiling Data.Functor.Contravariant.Day ( src/Data/Functor/Contravariant/Day.hs, .stack-work/dist/x86_64-osx/Cabal-1.22.4.0/build/Data/Functor/Contravariant/Day.o )

src/Data/Functor/Contravariant/Day.hs:41:1: Warning:
    The import of ‘Control.Applicative’ is redundant
      except perhaps to import instances from ‘Control.Applicative’
    To import instances alone, use: import Control.Applicative()
[ 7 of 13] Compiling Data.Functor.Kan.Ran ( src/Data/Functor/Kan/Ran.hs, .stack-work/dist/x86_64-osx/Cabal-1.22.4.0/build/Data/Functor/Kan/Ran.o )
[ 8 of 13] Compiling Data.Functor.Yoneda ( src/Data/Functor/Yoneda.hs, .stack-work/dist/x86_64-osx/Cabal-1.22.4.0/build/Data/Functor/Yoneda.o )

src/Data/Functor/Yoneda.hs:92:11: Warning:
    Rule "lower/lift=id" may never fire because ‘.’ might inline first
    Probable fix: add an INLINE[n] or NOINLINE[n] pragma on ‘.’

src/Data/Functor/Yoneda.hs:93:11: Warning:
    Rule "lift/lower=id" may never fire because ‘.’ might inline first
    Probable fix: add an INLINE[n] or NOINLINE[n] pragma on ‘.’

src/Data/Functor/Yoneda.hs:107:11: Warning:
    Rule "yonedaToRan/ranToYoneda=id" may never fire
      because ‘.’ might inline first
    Probable fix: add an INLINE[n] or NOINLINE[n] pragma on ‘.’

src/Data/Functor/Yoneda.hs:108:11: Warning:
    Rule "ranToYoneda/yonedaToRan=id" may never fire
      because ‘.’ might inline first
    Probable fix: add an INLINE[n] or NOINLINE[n] pragma on ‘.’

src/Data/Functor/Yoneda.hs:124:11: Warning:
    Rule "yonedaToRift/riftToYoneda=id" may never fire
      because ‘.’ might inline first
    Probable fix: add an INLINE[n] or NOINLINE[n] pragma on ‘.’

src/Data/Functor/Yoneda.hs:125:11: Warning:
    Rule "riftToYoneda/yonedaToRift=id" may never fire
      because ‘.’ might inline first
    Probable fix: add an INLINE[n] or NOINLINE[n] pragma on ‘.’
[ 9 of 13] Compiling Control.Monad.Codensity ( src/Control/Monad/Codensity.hs, .stack-work/dist/x86_64-osx/Cabal-1.22.4.0/build/Control/Monad/Codensity.o )
[10 of 13] Compiling Data.Functor.Kan.Lan ( src/Data/Functor/Kan/Lan.hs, .stack-work/dist/x86_64-osx/Cabal-1.22.4.0/build/Data/Functor/Kan/Lan.o )

src/Data/Functor/Kan/Lan.hs:4:14: Warning:
    ‘Data.Functor.Kan.Lan’ is marked as Trustworthy but has been inferred as safe!
[11 of 13] Compiling Data.Functor.Coyoneda ( src/Data/Functor/Coyoneda.hs, .stack-work/dist/x86_64-osx/Cabal-1.22.4.0/build/Data/Functor/Coyoneda.o )

src/Data/Functor/Coyoneda.hs:73:11: Warning:
    Rule "coyonedaToLan/lanToCoyoneda=id" may never fire
      because ‘.’ might inline first
    Probable fix: add an INLINE[n] or NOINLINE[n] pragma on ‘.’

src/Data/Functor/Coyoneda.hs:74:11: Warning:
    Rule "lanToCoyoneda/coyonedaToLan=id" may never fire
      because ‘.’ might inline first
    Probable fix: add an INLINE[n] or NOINLINE[n] pragma on ‘.’

src/Data/Functor/Coyoneda.hs:88:11: Warning:
    Rule "coyonedaToLift/liftToCoyoneda=id" may never fire
      because ‘.’ might inline first
    Probable fix: add an INLINE[n] or NOINLINE[n] pragma on ‘.’

src/Data/Functor/Coyoneda.hs:89:11: Warning:
    Rule "liftToCoyoneda/coyonedaToLift=id" may never fire
      because ‘.’ might inline first
    Probable fix: add an INLINE[n] or NOINLINE[n] pragma on ‘.’
[12 of 13] Compiling Control.Comonad.Density ( src/Control/Comonad/Density.hs, .stack-work/dist/x86_64-osx/Cabal-1.22.4.0/build/Control/Comonad/Density.o )

src/Control/Comonad/Density.hs:4:14: Warning:
    ‘Control.Comonad.Density’ is marked as Trustworthy but has been inferred as safe!
[13 of 13] Compiling Control.Monad.Co ( src/Control/Monad/Co.hs, .stack-work/dist/x86_64-osx/Cabal-1.22.4.0/build/Control/Monad/Co.o )

src/Control/Monad/Co.hs:8:14: Warning:
    ‘Control.Monad.Co’ is marked as Trustworthy but has been inferred as safe!

src/Control/Monad/Co.hs:57:1: Warning:
    The import of ‘Control.Applicative’ is redundant
      except perhaps to import instances from ‘Control.Applicative’
    To import instances alone, use: import Control.Applicative()
In-place registering kan-extensions-4.2.2...
Installing library in
/Users/martyall/.stack/snapshots/x86_64-osx/lts-3.4/7.10.2/lib/x86_64-osx-ghc-7.10.2/kan-extensions-4.2.2-8tdsKOG6HCvHMXp3Tkw8cG
Registering kan-extensions-4.2.2...
